\BOOKMARK [1][-]{section.1}{Introduction}{}% 1
\BOOKMARK [1][-]{section.2}{The framework}{}% 2
\BOOKMARK [1][-]{section.3}{The environment}{}% 3
\BOOKMARK [2][-]{subsection.3.1}{Description}{section.3}% 4
\BOOKMARK [2][-]{subsection.3.2}{Implementation details}{section.3}% 5
\BOOKMARK [1][-]{section.4}{The tank model}{}% 6
\BOOKMARK [2][-]{subsection.4.1}{The hierarchical model}{section.4}% 7
\BOOKMARK [2][-]{subsection.4.2}{Animating the turret}{section.4}% 8
\BOOKMARK [2][-]{subsection.4.3}{Dealing with collisions}{section.4}% 9
\BOOKMARK [2][-]{subsection.4.4}{The hit bounding box}{section.4}% 10
\BOOKMARK [1][-]{section.5}{The player tank}{}% 11
\BOOKMARK [2][-]{subsection.5.1}{Animating the model}{section.5}% 12
\BOOKMARK [3][-]{subsubsection.5.1.1}{Moving the tank}{subsection.5.1}% 13
\BOOKMARK [3][-]{subsubsection.5.1.2}{External color and design}{subsection.5.1}% 14
\BOOKMARK [2][-]{subsection.5.2}{Shooting}{section.5}% 15
\BOOKMARK [3][-]{subsubsection.5.2.1}{The cannon}{subsection.5.2}% 16
\BOOKMARK [3][-]{subsubsection.5.2.2}{The machine gun}{subsection.5.2}% 17
\BOOKMARK [3][-]{subsubsection.5.2.3}{The tanks death}{subsection.5.2}% 18
\BOOKMARK [1][-]{section.6}{The opponent tanks}{}% 19
\BOOKMARK [2][-]{subsection.6.1}{The opponent tank policy}{section.6}% 20
\BOOKMARK [2][-]{subsection.6.2}{Movement}{section.6}% 21
\BOOKMARK [1][-]{section.7}{The game}{}% 22
\BOOKMARK [2][-]{subsection.7.1}{Description}{section.7}% 23
\BOOKMARK [2][-]{subsection.7.2}{Commands}{section.7}% 24
\BOOKMARK [2][-]{subsection.7.3}{Player guide}{section.7}% 25
